DEBUG 2020-08-10 11:46:26.354 UTC: 	 CRAB Client version: v3.200531
DEBUG 2020-08-10 11:46:26.355 UTC: 	 Running on: Linux lxplus606.cern.ch 2.6.32-754.30.2.el6.x86_64 #1 SMP Wed Jun 10 10:38:41 CEST 2020 x86_64 x86_64 x86_64 GNU/Linux - Scientific Linux CERN SLC release 6.10 (Carbon)
DEBUG 2020-08-10 11:46:26.384 UTC: 	 OpenSSl version: OpenSSL 1.0.2d-fips 9 Jul 2015
DEBUG 2020-08-10 11:46:26.385 UTC: 	 Executing command: 'submit'
DEBUG 2020-08-10 11:46:26.385 UTC: 	 Found CRAB cache file /afs/cern.ch/user/c/cprieels/.crab3
INFO 2020-08-10 11:46:26.387 UTC: 	 Will use CRAB configuration file crab_cfg_gensim2017.py
DEBUG 2020-08-10 11:46:26.387 UTC: 	 Loading CRAB configuration file.
DEBUG 2020-08-10 11:46:26.391 UTC: 	 Will use CRAB PrivateMC plugin (i.e. will run a MC generation job type).
DEBUG 2020-08-10 11:46:26.413 UTC: 	 Checking credentials
DEBUG 2020-08-10 11:46:26.413 UTC: 	 Found proxy file /tmp/x509up_u85620
DEBUG 2020-08-10 11:46:26.413 UTC: 	 Getting proxy life time left
DEBUG 2020-08-10 11:46:27.323 UTC: 	 Executing : 
 command : voms-proxy-info -file /tmp/x509up_u85620 -timeleft
 output : 199479

 error: 
 retcode : 0
DEBUG 2020-08-10 11:46:28.130 UTC: 	 Executing : 
 command : voms-proxy-info -file /tmp/x509up_u85620 -actimeleft
 output : 199478

 error: 
 retcode : 0
DEBUG 2020-08-10 11:46:28.130 UTC: 	 Proxy lifetime 199479 secs is different from voms extension lifetime 199478 secs for proxy: /tmp/x509up_u85620
DEBUG 2020-08-10 11:46:28.130 UTC: 	 Proxy valid for 55:24:38 hours
DEBUG 2020-08-10 11:46:28.937 UTC: 	 Executing : 
 command : env X509_USER_PROXY=/tmp/x509up_u85620 voms-proxy-info -fqan
 output : /cms/Role=NULL/Capability=NULL

 error: 
 retcode : 0
DEBUG 2020-08-10 11:46:29.034 UTC: 	 Registering user credentials for server /DC=ch/DC=cern/OU=computers/CN=vocms0105.cern.ch|/DC=ch/DC=cern/OU=computers/CN=crab-(preprod|prod|dev)-tw(02|01).cern.ch|/DC=ch/DC=cern/OU=computers/CN=(ddi|ddidk|mytw).cern.ch|/DC=ch/DC=cern/OU=computers/CN=stefanov(m|m2).cern.ch
DEBUG 2020-08-10 11:46:29.148 UTC: 	 Executing : 
 command : openssl x509 -in ~/.globus/usercert.pem -subject -noout
 output : subject= /DC=ch/DC=cern/OU=Organic Units/OU=Users/CN=cprieels/CN=783700/CN=Cedric Gerald Prieels

 error: 
 retcode : 0
DEBUG 2020-08-10 11:46:29.148 UTC: 	 Getting myproxy life time left for myproxy.cern.ch
DEBUG 2020-08-10 11:46:29.148 UTC: 	 Calculating hash of /DC=ch/DC=cern/OU=Organic Units/OU=Users/CN=cprieels/CN=783700/CN=Cedric Gerald Prieels_cmsweb.cern.ch for credential name
DEBUG 2020-08-10 11:46:29.855 UTC: 	 Executing : 
 command : myproxy-info -l 7f04b0693fde7ba5e3f1a71d78851d646cd80e85 -s myproxy.cern.ch
 output : username: 7f04b0693fde7ba5e3f1a71d78851d646cd80e85
owner: /DC=ch/DC=cern/OU=Organic Units/OU=Users/CN=cprieels/CN=783700/CN=Cedric Gerald Prieels
  renewal policy: /DC=ch/DC=cern/OU=computers/CN=vocms0105.cern.ch|/DC=ch/DC=cern/OU=computers/CN=crab-(preprod|prod|dev)-tw(02|01).cern.ch|/DC=ch/DC=cern/OU=computers/CN=(ddi|ddidk|mytw).cern.ch|/DC=ch/DC=cern/OU=computers/CN=stefanov(m|m2).cern.ch
  trusted retrieval policy: /DC=ch/DC=cern/OU=computers/CN=vocms0105.cern.ch|/DC=ch/DC=cern/OU=computers/CN=crab-(preprod|prod|dev)-tw(02|01).cern.ch|/DC=ch/DC=cern/OU=computers/CN=(ddi|ddidk|mytw).cern.ch|/DC=ch/DC=cern/OU=computers/CN=stefanov(m|m2).cern.ch
  timeleft: 380:58:06  (15.9 days)

 error: 
 retcode : 0
DEBUG 2020-08-10 11:46:29.857 UTC: 	 Myproxy is valid: 1371486
DEBUG 2020-08-10 11:46:29.857 UTC: 	 Retrieving username ...
DEBUG 2020-08-10 11:46:29.857 UTC: 	 Retrieving username from CRIC...
DEBUG 2020-08-10 11:46:30.645 UTC: 	 username is cprieels
DEBUG 2020-08-10 11:46:30.651 UTC: 	 Getting myproxy life time left for myproxy.cern.ch
DEBUG 2020-08-10 11:46:30.652 UTC: 	 using cprieels_CRAB as credential login name
DEBUG 2020-08-10 11:46:31.057 UTC: 	 Executing : 
 command : myproxy-info -l cprieels_CRAB -s myproxy.cern.ch
 output : username: cprieels_CRAB
owner: /DC=ch/DC=cern/OU=Organic Units/OU=Users/CN=cprieels/CN=783700/CN=Cedric Gerald Prieels
  renewal policy: /DC=ch/DC=cern/OU=computers/CN=vocms0105.cern.ch|/DC=ch/DC=cern/OU=computers/CN=crab-(preprod|prod|dev)-tw(02|01).cern.ch|/DC=ch/DC=cern/OU=computers/CN=(ddi|ddidk|mytw).cern.ch|/DC=ch/DC=cern/OU=computers/CN=stefanov(m|m2).cern.ch
  trusted retrieval policy: /DC=ch/DC=cern/OU=computers/CN=vocms0105.cern.ch|/DC=ch/DC=cern/OU=computers/CN=crab-(preprod|prod|dev)-tw(02|01).cern.ch|/DC=ch/DC=cern/OU=computers/CN=(ddi|ddidk|mytw).cern.ch|/DC=ch/DC=cern/OU=computers/CN=stefanov(m|m2).cern.ch
  timeleft: 380:58:11  (15.9 days)

 error: 
 retcode : 0
DEBUG 2020-08-10 11:46:31.057 UTC: 	 Myproxy is valid: 1371491
DEBUG 2020-08-10 11:46:31.057 UTC: 	 Command use: submit
DEBUG 2020-08-10 11:46:31.057 UTC: 	 Options use: ['crab_cfg_gensim2017.py']
DEBUG 2020-08-10 11:46:31.169 UTC: 	 CRABClient version: v3.200531
DEBUG 2020-08-10 11:46:31.169 UTC: 	 Instance is prod
DEBUG 2020-08-10 11:46:31.169 UTC: 	 Server base url is cmsweb.cern.ch
DEBUG 2020-08-10 11:46:31.169 UTC: 	 Command url /crabserver/prod/workflow
DEBUG 2020-08-10 11:46:31.169 UTC: 	 Started submission
DEBUG 2020-08-10 11:46:31.169 UTC: 	 Working on /afs/cern.ch/work/c/cprieels/public/TopPlusDMRunIILegacy/CMSSW_10_4_0/src/signalProduction/2017/CMSSW_9_3_15_patch3/src/crab_output/crab_DMscalar_Dilepton_top_tWChan_Mchi1_Mphi1000_RunIIFall17_GENSIM_PrivateFullProd
DEBUG 2020-08-10 11:46:31.485 UTC: 	 Loading required information from the environment
DEBUG 2020-08-10 11:46:31.485 UTC: 	 Found CMSSW_9_3_15_patch3 for slc6_amd64_gcc630 with base /afs/cern.ch/work/c/cprieels/public/TopPlusDMRunIILegacy/CMSSW_10_4_0/src/signalProduction/2017/CMSSW_9_3_15_patch3
DEBUG 2020-08-10 11:46:31.485 UTC: 	 UNIQUE NAME: tarUUID da3cf398-0293-4243-8104-642dcb771756 
DEBUG 2020-08-10 11:46:31.485 UTC: 	 self.config: from WMCore.Configuration import Configuration
config = Configuration()
config.section_('General')
config.General.workArea = 'crab_output'
config.General.requestName = 'DMscalar_Dilepton_top_tWChan_Mchi1_Mphi1000_RunIIFall17_GENSIM_PrivateFullProd'
config.section_('JobType')
config.JobType.psetName = 'gensim2017.py'
config.JobType.pluginName = 'PrivateMC'
config.JobType.inputFiles = ['/afs/cern.ch/work/d/dpinna/public/forCedric/DMScalar_top_tWChan_Mchi1_Mphi1000_slc6_amd64_gcc630_CMSSW_9_3_16_tarball.tar.xz']
config.section_('Data')
config.Data.outputDatasetTag = 'DMscalar_Dilepton_top_tWChan_Mchi1_Mphi1000_RunIIFall17_GENSIM_PrivateFullProd'
config.Data.publication = True
config.Data.unitsPerJob = 2000
config.Data.splitting = 'EventBased'
config.Data.outLFNDirBase = '/store/user/cprieels/'
config.Data.outputPrimaryDataset = 'CRAB_PrivateMC'
config.Data.totalUnits = 400000
config.section_('Site')
config.Site.storageSite = 'T2_ES_IFCA'

DEBUG 2020-08-10 11:46:31.485 UTC: 	 self.config.JobType.psetName: gensim2017.py
INFO 2020-08-10 11:46:31.486 UTC: 	 Importing CMSSW configuration gensim2017.py
INFO 2020-08-10 11:46:34.586 UTC: 	 Finished importing CMSSW configuration gensim2017.py
DEBUG 2020-08-10 11:46:34.586 UTC: 	 Writing CMSSW configuration to /afs/cern.ch/work/c/cprieels/public/TopPlusDMRunIILegacy/CMSSW_10_4_0/src/signalProduction/2017/CMSSW_9_3_15_patch3/src/crab_output/crab_DMscalar_Dilepton_top_tWChan_Mchi1_Mphi1000_RunIIFall17_GENSIM_PrivateFullProd/inputs/PSet.py
DEBUG 2020-08-10 11:46:35.062 UTC: 	 The following EDM output files will be collected: ['EXO-RunIIFall17GS-04848.root']
DEBUG 2020-08-10 11:46:35.062 UTC: 	 The following TFile output files will be collected: []
DEBUG 2020-08-10 11:46:35.062 UTC: 	 The following user output files (not listed as PoolOuputModule or TFileService in the CMSSW PSet) will be collected: 
DEBUG 2020-08-10 11:46:35.062 UTC: 	 Loading required information from the environment
DEBUG 2020-08-10 11:46:35.062 UTC: 	 Found CMSSW_9_3_15_patch3 for slc6_amd64_gcc630 with base /afs/cern.ch/work/c/cprieels/public/TopPlusDMRunIILegacy/CMSSW_10_4_0/src/signalProduction/2017/CMSSW_9_3_15_patch3
DEBUG 2020-08-10 11:46:35.062 UTC: 	 Making tarball in /afs/cern.ch/work/c/cprieels/public/TopPlusDMRunIILegacy/CMSSW_10_4_0/src/signalProduction/2017/CMSSW_9_3_15_patch3/src/crab_output/crab_DMscalar_Dilepton_top_tWChan_Mchi1_Mphi1000_RunIIFall17_GENSIM_PrivateFullProd/inputs/da3cf398-0293-4243-8104-642dcb771756default.tgz
DEBUG 2020-08-10 11:46:35.099 UTC: 	 Checking directory /afs/cern.ch/work/c/cprieels/public/TopPlusDMRunIILegacy/CMSSW_10_4_0/src/signalProduction/2017/CMSSW_9_3_15_patch3/lib
DEBUG 2020-08-10 11:46:35.099 UTC: 	 Adding directory /afs/cern.ch/work/c/cprieels/public/TopPlusDMRunIILegacy/CMSSW_10_4_0/src/signalProduction/2017/CMSSW_9_3_15_patch3/lib to tarball
DEBUG 2020-08-10 11:46:35.177 UTC: 	 Checking directory /afs/cern.ch/work/c/cprieels/public/TopPlusDMRunIILegacy/CMSSW_10_4_0/src/signalProduction/2017/CMSSW_9_3_15_patch3/biglib
DEBUG 2020-08-10 11:46:35.177 UTC: 	 Adding directory /afs/cern.ch/work/c/cprieels/public/TopPlusDMRunIILegacy/CMSSW_10_4_0/src/signalProduction/2017/CMSSW_9_3_15_patch3/biglib to tarball
DEBUG 2020-08-10 11:46:35.177 UTC: 	 Checking directory /afs/cern.ch/work/c/cprieels/public/TopPlusDMRunIILegacy/CMSSW_10_4_0/src/signalProduction/2017/CMSSW_9_3_15_patch3/module
DEBUG 2020-08-10 11:46:35.180 UTC: 	 Adding file /afs/cern.ch/work/d/dpinna/public/forCedric/DMScalar_top_tWChan_Mchi1_Mphi1000_slc6_amd64_gcc630_CMSSW_9_3_16_tarball.tar.xz to tarball
DEBUG 2020-08-10 11:46:48.073 UTC: 	 Uploading archive /afs/cern.ch/work/c/cprieels/public/TopPlusDMRunIILegacy/CMSSW_10_4_0/src/signalProduction/2017/CMSSW_9_3_15_patch3/src/crab_output/crab_DMscalar_Dilepton_top_tWChan_Mchi1_Mphi1000_RunIIFall17_GENSIM_PrivateFullProd/inputs/da3cf398-0293-4243-8104-642dcb771756default.tgz (47 MB) to the CRAB cache. Using URI https://cmsweb.cern.ch/crabcache
DEBUG 2020-08-10 11:47:12.077 UTC: 	 Loading required information from the environment
DEBUG 2020-08-10 11:47:12.078 UTC: 	 Found CMSSW_9_3_15_patch3 for slc6_amd64_gcc630 with base /afs/cern.ch/work/c/cprieels/public/TopPlusDMRunIILegacy/CMSSW_10_4_0/src/signalProduction/2017/CMSSW_9_3_15_patch3
DEBUG 2020-08-10 11:47:12.078 UTC: 	 Making tarball in /afs/cern.ch/work/c/cprieels/public/TopPlusDMRunIILegacy/CMSSW_10_4_0/src/signalProduction/2017/CMSSW_9_3_15_patch3/src/crab_output/crab_DMscalar_Dilepton_top_tWChan_Mchi1_Mphi1000_RunIIFall17_GENSIM_PrivateFullProd/inputs/debugFiles.tgz
DEBUG 2020-08-10 11:47:12.085 UTC: 	 Uploading archive /afs/cern.ch/work/c/cprieels/public/TopPlusDMRunIILegacy/CMSSW_10_4_0/src/signalProduction/2017/CMSSW_9_3_15_patch3/src/crab_output/crab_DMscalar_Dilepton_top_tWChan_Mchi1_Mphi1000_RunIIFall17_GENSIM_PrivateFullProd/inputs/debugFiles.tgz (3 KB) to the CRAB cache. Using URI https://cmsweb.cern.ch/crabcache
DEBUG 2020-08-10 11:47:12.195 UTC: 	 Result uploading input files: c1c588c0085cdce4224148dddd875c16031ece87e2024150fe0e6a19433bc903.tar.gz 
INFO 2020-08-10 11:47:12.196 UTC: 	 Sending the request to the server at cmsweb.cern.ch
DEBUG 2020-08-10 11:47:12.196 UTC: 	 Submitting {'maxjobruntime': 1250, 'extrajdl': [], 'ignorelocality': 0, 'savelogsflag': 0, 'useparent': 0, 'asyncdest': 'T2_ES_IFCA', 'algoargs': 2000, 'cachefilename': 'c1c588c0085cdce4224148dddd875c16031ece87e2024150fe0e6a19433bc903.tar.gz', 'numcores': 1, 'addoutputfiles': [], 'generator': 'pythia', 'maxmemory': 2000, 'publishdbsurl': 'https://cmsweb.cern.ch/dbs/prod/phys03/DBSWriter', 'priority': 10, 'jobsw': 'CMSSW_9_3_15_patch3', 'edmoutfiles': ['EXO-RunIIFall17GS-04848.root'], 'userfiles': [], 'primarydataset': 'CRAB_PrivateMC', 'inputdata': '', 'lfn': '/store/user/cprieels/', 'dryrun': 0, 'workflow': 'crab_DMscalar_Dilepton_top_tWChan_Mchi1_Mphi1000_RunIIFall17_GENSIM_PrivateFullProd', 'cacheurl': u'https://cmsweb.cern.ch/crabcache', 'nonprodsw': 0, 'tfileoutfiles': [], 'oneEventMode': 0, 'debugfilename': 'd0970c9aae24fcefe1bc7cb9687db7e1f965e0b110a52da287d023bc2795435d.tar.gz', 'saveoutput': 1, 'publication': 1, 'jobarch': 'slc6_amd64_gcc630', 'totalunits': 400000, 'splitalgo': 'EventBased', 'ignoreglobalblacklist': 0, 'nonvaliddata': 0, 'dbsurl': 'https://cmsweb.cern.ch/dbs/prod/global/DBSReader', 'publishgroupname': 0, 'jobtype': 'PrivateMC', 'publishname2': 'DMscalar_Dilepton_top_tWChan_Mchi1_Mphi1000_RunIIFall17_GENSIM_PrivateFullProd'} 
DEBUG 2020-08-10 11:47:12.196 UTC: 	 Encoded submit request: maxjobruntime=1250&ignorelocality=0&savelogsflag=0&useparent=0&asyncdest=T2_ES_IFCA&algoargs=2000&cachefilename=c1c588c0085cdce4224148dddd875c16031ece87e2024150fe0e6a19433bc903.tar.gz&numcores=1&generator=pythia&maxmemory=2000&publishdbsurl=https%3A%2F%2Fcmsweb.cern.ch%2Fdbs%2Fprod%2Fphys03%2FDBSWriter&priority=10&jobsw=CMSSW_9_3_15_patch3&primarydataset=CRAB_PrivateMC&inputdata=&lfn=%2Fstore%2Fuser%2Fcprieels%2F&dryrun=0&workflow=crab_DMscalar_Dilepton_top_tWChan_Mchi1_Mphi1000_RunIIFall17_GENSIM_PrivateFullProd&cacheurl=https%3A%2F%2Fcmsweb.cern.ch%2Fcrabcache&nonprodsw=0&oneEventMode=0&debugfilename=d0970c9aae24fcefe1bc7cb9687db7e1f965e0b110a52da287d023bc2795435d.tar.gz&saveoutput=1&publication=1&jobarch=slc6_amd64_gcc630&totalunits=400000&splitalgo=EventBased&ignoreglobalblacklist=0&nonvaliddata=0&dbsurl=https%3A%2F%2Fcmsweb.cern.ch%2Fdbs%2Fprod%2Fglobal%2FDBSReader&publishgroupname=0&jobtype=PrivateMC&publishname2=DMscalar_Dilepton_top_tWChan_Mchi1_Mphi1000_RunIIFall17_GENSIM_PrivateFullProd&edmoutfiles=EXO-RunIIFall17GS-04848.root
DEBUG 2020-08-10 11:47:12.420 UTC: 	 Result: {u'result': [{u'RequestName': u'200810_114712:cprieels_crab_DMscalar_Dilepton_top_tWChan_Mchi1_Mphi1000_RunIIFall17_GENSIM_PrivateFullProd'}]}
INFO 2020-08-10 11:47:12.423 UTC: 	 Success: Your task has been delivered to the prod CRAB3 server.
INFO 2020-08-10 11:47:12.423 UTC: 	 Task name: 200810_114712:cprieels_crab_DMscalar_Dilepton_top_tWChan_Mchi1_Mphi1000_RunIIFall17_GENSIM_PrivateFullProd
INFO 2020-08-10 11:47:12.424 UTC: 	 Project dir: crab_output/crab_DMscalar_Dilepton_top_tWChan_Mchi1_Mphi1000_RunIIFall17_GENSIM_PrivateFullProd
INFO 2020-08-10 11:47:12.424 UTC: 	 Please use ' crab status -d crab_output/crab_DMscalar_Dilepton_top_tWChan_Mchi1_Mphi1000_RunIIFall17_GENSIM_PrivateFullProd ' to check how the submission process proceeds.
DEBUG 2020-08-10 11:47:12.424 UTC: 	 About to return
INFO 2020-08-10 11:47:12.426 UTC: 	 Log file is /afs/cern.ch/work/c/cprieels/public/TopPlusDMRunIILegacy/CMSSW_10_4_0/src/signalProduction/2017/CMSSW_9_3_15_patch3/src/crab_output/crab_DMscalar_Dilepton_top_tWChan_Mchi1_Mphi1000_RunIIFall17_GENSIM_PrivateFullProd/crab.log
